2021-06-24 17:30:39,335 INFO r.o.RunCucumberTest [main] Сайт открыт
2021-06-24 17:33:56,841 INFO r.o.RunCucumberTest [main] Сайт открыт
2021-06-24 17:33:57,547 INFO r.o.RunCucumberTest [main] Драйвер погашен
2021-06-24 17:52:39,794 INFO r.o.RunCucumberTest [main] Сайт открыт
2021-06-24 17:52:40,466 INFO r.o.RunCucumberTest [main] Драйвер погашен
2021-06-24 17:53:05,543 INFO r.o.RunCucumberTest [main] Сайт открыт
2021-06-24 17:53:06,305 INFO r.o.RunCucumberTest [main] Драйвер погашен
2021-06-24 18:07:05,325 INFO r.o.RunCucumberTest [main] Открыта страница Контакты | OTUS
2021-06-24 18:07:05,741 INFO r.o.RunCucumberTest [main] Адрес на странице = 125167, г. Москва, Нарышкинская аллея., д. 5, стр. 2, тел. +7 499 938-92-02
2021-06-24 18:07:06,514 INFO r.o.RunCucumberTest [main] Драйвер погашен
2021-06-24 18:08:07,587 INFO r.o.RunCucumberTest [main] Открыта страница Контакты | OTUS
2021-06-24 18:08:07,978 INFO r.o.RunCucumberTest [main] Адрес на странице = 125167, г. Москва, Нарышкинская аллея., д. 5, стр. 2, тел. +7 499 938-92-02
2021-06-24 18:08:08,744 INFO r.o.RunCucumberTest [main] Драйвер погашен
2021-06-24 18:13:17,362 INFO r.o.RunCucumberTest [main] Открыта страница Контакты | OTUS
2021-06-24 18:13:17,738 INFO r.o.RunCucumberTest [main] Адрес на странице = 125167, г. Москва, Нарышкинская аллея., д. 5, стр. 2, тел. +7 499 938-92-02
2021-06-24 18:13:18,598 INFO r.o.RunCucumberTest [main] Драйвер погашен
2021-06-24 18:13:27,567 INFO r.o.RunCucumberTest [main] Открыта страница Отвечаем на ваши вопросы | OTUS
2021-06-24 18:13:27,763 INFO r.o.RunCucumberTest [main] Считан текст: Программу курса в сжатом виде можно увидеть на странице курса после блока с преподавателями. Подробную программу курса можно скачать кликнув на “Скачать подробную программу курса”
2021-06-24 18:13:27,772 INFO r.o.RunCucumberTest [main] Ожидался текст Программу курса в сжатом виде можно увидеть на странице курса после блока с преподавателями. Подробную программу курса можно скачать кликнув на “Скачать подробную программу курса”
2021-06-24 18:14:11,199 INFO r.o.RunCucumberTest [main] Открыта страница Контакты | OTUS
2021-06-24 18:14:11,599 INFO r.o.RunCucumberTest [main] Адрес на странице = 125167, г. Москва, Нарышкинская аллея., д. 5, стр. 2, тел. +7 499 938-92-02
2021-06-24 18:14:12,493 INFO r.o.RunCucumberTest [main] Драйвер погашен
2021-06-24 18:14:18,945 INFO r.o.RunCucumberTest [main] Открыта страница Отвечаем на ваши вопросы | OTUS
2021-06-24 18:14:19,224 INFO r.o.RunCucumberTest [main] Считан текст: Программу курса в сжатом виде можно увидеть на странице курса после блока с преподавателями. Подробную программу курса можно скачать кликнув на “Скачать подробную программу курса”
2021-06-24 18:14:19,224 INFO r.o.RunCucumberTest [main] Ожидался текст Программу курса в сжатом виде можно увидеть на странице курса после блока с преподавателями. Подробную программу курса можно скачать кликнув на “Скачать подробную программу курса”
2021-06-24 18:14:20,199 INFO r.o.RunCucumberTest [main] Драйвер погашен
2021-06-24 18:20:19,677 INFO r.o.RunCucumberTest [main] Открыта страница Контакты | OTUS
2021-06-24 18:20:20,045 INFO r.o.RunCucumberTest [main] Адрес на странице = 125167, г. Москва, Нарышкинская аллея., д. 5, стр. 2, тел. +7 499 938-92-02
2021-06-24 18:20:20,909 INFO r.o.RunCucumberTest [main] Драйвер погашен
2021-06-24 18:20:28,088 INFO r.o.RunCucumberTest [main] Открыта страница Отвечаем на ваши вопросы | OTUS
2021-06-24 18:20:28,285 INFO r.o.RunCucumberTest [main] Считан текст: Программу курса в сжатом виде можно увидеть на странице курса после блока с преподавателями. Подробную программу курса можно скачать кликнув на “Скачать подробную программу курса”
2021-06-24 18:20:28,285 INFO r.o.RunCucumberTest [main] Ожидался текст Программу курса в сжатом виде можно увидеть на странице курса после блока с преподавателями. Подробную программу курса можно скачать кликнув на “Скачать подробную программу курса”
2021-06-24 18:20:29,109 INFO r.o.RunCucumberTest [main] Драйвер погашен
2021-06-24 18:20:36,380 INFO r.o.RunCucumberTest [main] Считан текст: Вы успешно подписались
2021-06-24 18:20:36,380 INFO r.o.RunCucumberTest [main] Ожидался текст Вы успешно подписались
2021-06-24 18:20:37,192 INFO r.o.RunCucumberTest [main] Драйвер погашен
2021-06-24 18:24:16,334 INFO r.o.RunCucumberTest [main] Открыта страница Контакты | OTUS
2021-06-24 18:24:16,826 INFO r.o.RunCucumberTest [main] Адрес на странице = 125167, г. Москва, Нарышкинская аллея., д. 5, стр. 2, тел. +7 499 938-92-02
2021-06-24 18:24:17,713 INFO r.o.RunCucumberTest [main] Драйвер погашен
2021-06-24 18:24:25,219 INFO r.o.RunCucumberTest [main] Открыта страница Отвечаем на ваши вопросы | OTUS
2021-06-24 18:24:26,669 INFO r.o.RunCucumberTest [main] Считан текст: Программу курса в сжатом виде можно увидеть на странице курса после блока с преподавателями. Подробную программу курса можно скачать кликнув на “Скачать подробную программу курса”
2021-06-24 18:24:26,670 INFO r.o.RunCucumberTest [main] Ожидался текст Программу курса в сжатом виде можно увидеть на странице курса после блока с преподавателями. Подробную программу курса можно скачать кликнув на “Скачать подробную программу курса”
2021-06-24 18:24:27,466 INFO r.o.RunCucumberTest [main] Драйвер погашен
2021-06-24 18:24:37,304 INFO r.o.RunCucumberTest [main] Считан текст: Вы успешно подписались
2021-06-24 18:24:37,304 INFO r.o.RunCucumberTest [main] Ожидался текст Вы успешно подписались
2021-06-24 18:24:38,085 INFO r.o.RunCucumberTest [main] Драйвер погашен
